  0.0000
  0.0345
  0.0690
  0.1034
  0.1379
  0.1724
  0.2069
  0.2414
  0.2759
  0.3103
  0.3448
  0.3793
  0.4138
  0.4483
  0.4828
  0.5172
  0.5517
  0.5862
  0.6207
  0.6552
  0.6897
  0.7241
  0.7586
  0.7931
  0.8276
  0.8621
  0.8966
  0.9310
  0.9655
  1.0000
  0.0000
  0.0517
  0.1034
  0.1552
  0.2069
  0.2586
  0.3103
  0.3621
  0.4138
  0.4655
  0.5172
  0.5690
  0.6207
  0.6724
  0.7241
  0.7759
  0.8276
  0.8793
  0.9310
  0.9828
  1.0345
  1.0862
  1.1379
  1.1897
  1.2414
  1.2931
  1.3448
  1.3966
  1.4483
  1.5000
